<?xml version="1.0" encoding="UTF-8"?>
<!-- Generated by org.testng.reporters.JUnitReportReporter -->
<testsuite hostname="S2-F1-TangXy" name="maven_testng0401.maven_testng0401.AppTest" tests="1" failures="0" timestamp="1 Apr 2018 03:54:19 GMT" time="0.016" errors="0">
  <testcase name="Test" time="0.016" classname="maven_testng0401.maven_testng0401.AppTest"/>
</testsuite> <!-- maven_testng0401.maven_testng0401.AppTest -->
